<?xml version="1.0" encoding="UTF-8"?>
<testsuite xmlns:xsi="http://www.w3.org/2001/XMLSchema-instance" xsi:noNamespaceSchemaLocation="https://maven.apache.org/surefire/maven-surefire-plugin/xsd/surefire-test-report.xsd" version="3.0.2" name="com.example.investmenttracker.service.EtfServiceTest" time="0.336" tests="5" errors="0" skipped="0" failures="0">
  <properties>
[...]
</properties>
  <testcase name="createThrowsOnDuplicateTicker" classname="com.example.investmenttracker.service.EtfServiceTest" time="0.267"/>
  <testcase name="deleteRemovesEtf" classname="com.example.investmenttracker.service.EtfServiceTest" time="0.005"/>
  <testcase name="createAssignsIdWhenMissing" classname="com.example.investmenttracker.service.EtfServiceTest" time="0.004"/>
  <testcase name="createThrowsOnDuplicateId" classname="com.example.investmenttracker.service.EtfServiceTest" time="0.005"/>
  <testcase name="updateThrowsOnTickerConflict" classname="com.example.investmenttracker.service.EtfServiceTest" time="0.003"/>
</testsuite>